2026-01-28T10:56:42.521+09:00  INFO 8080 --- [demo-svc] [main] com.jsy.demo.DemoApplication             : Starting DemoApplication v0.0.1-SNAPSHOT using Java 17.0.7 with PID 8080 (D:\git\java\demo\target\demo-0.0.1-SNAPSHOT.jar started by Shaoyong.Jin in D:\git\java\demo)
2026-01-28T10:56:42.527+09:00  INFO 8080 --- [demo-svc] [main] com.jsy.demo.DemoApplication             : No active profile set, falling back to 1 default profile: "default"
2026-01-28T10:56:43.738+09:00  INFO 8080 --- [demo-svc] [main] o.s.b.w.embedded.tomcat.TomcatWebServer  : Tomcat initialized with port 8080 (http)
2026-01-28T10:56:43.751+09:00  INFO 8080 --- [demo-svc] [main] o.apache.catalina.core.StandardService   : Starting service [Tomcat]
2026-01-28T10:56:43.752+09:00  INFO 8080 --- [demo-svc] [main] o.apache.catalina.core.StandardEngine    : Starting Servlet engine: [Apache Tomcat/10.1.50]
2026-01-28T10:56:43.780+09:00  INFO 8080 --- [demo-svc] [main] o.a.c.c.C.[Tomcat].[localhost].[/]       : Initializing Spring embedded WebApplicationContext
2026-01-28T10:56:43.781+09:00  INFO 8080 --- [demo-svc] [main] w.s.c.ServletWebServerApplicationContext : Root WebApplicationContext: initialization completed in 1214 ms
2026-01-28T10:56:44.430+09:00  INFO 8080 --- [demo-svc] [main] o.s.b.a.e.web.EndpointLinksResolver      : Exposing 1 endpoint beneath base path '/actuator'
2026-01-28T10:56:44.503+09:00  INFO 8080 --- [demo-svc] [main] o.s.b.w.embedded.tomcat.TomcatWebServer  : Tomcat started on port 8080 (http) with context path '/'
2026-01-28T10:56:44.520+09:00  INFO 8080 --- [demo-svc] [main] com.jsy.demo.DemoApplication             : Started DemoApplication in 2.439 seconds (process running for 2.798)
2026-01-28T10:57:36.142+09:00  INFO 8080 --- [demo-svc] [http-nio-8080-exec-1] o.a.c.c.C.[Tomcat].[localhost].[/]       : Initializing Spring DispatcherServlet 'dispatcherServlet'
2026-01-28T10:57:36.142+09:00  INFO 8080 --- [demo-svc] [http-nio-8080-exec-1] o.s.web.servlet.DispatcherServlet        : Initializing Servlet 'dispatcherServlet'
2026-01-28T10:57:36.143+09:00  INFO 8080 --- [demo-svc] [http-nio-8080-exec-1] o.s.web.servlet.DispatcherServlet        : Completed initialization in 1 ms
2026-01-28T10:58:26.785+09:00  INFO 8080 --- [demo-svc] [http-nio-8080-exec-2] CRUD                                     : Entering Collection com.jsy.demo.DemoController.list() with args=[]
2026-01-28T10:58:26.788+09:00  INFO 8080 --- [demo-svc] [http-nio-8080-exec-2] CRUD                                     : Exiting Collection com.jsy.demo.DemoController.list() with result=[] (7 ms)
2026-01-28T11:01:12.318+09:00  INFO 8080 --- [demo-svc] [SpringApplicationShutdownHook] o.s.b.w.e.tomcat.GracefulShutdown        : Commencing graceful shutdown. Waiting for active requests to complete
2026-01-28T11:01:12.384+09:00  INFO 8080 --- [demo-svc] [tomcat-shutdown] o.s.b.w.e.tomcat.GracefulShutdown        : Graceful shutdown complete
2026-01-28T12:04:07.508+09:00  INFO 13932 --- [demo-svc] [main] com.jsy.demo.DemoApplication             : Starting DemoApplication v0.0.1-SNAPSHOT using Java 17.0.7 with PID 13932 (D:\git\java\demo\target\demo-0.0.1-SNAPSHOT.jar started by Shaoyong.Jin in D:\git\java\demo)
2026-01-28T12:04:07.511+09:00  INFO 13932 --- [demo-svc] [main] com.jsy.demo.DemoApplication             : No active profile set, falling back to 1 default profile: "default"
2026-01-28T12:04:08.287+09:00  INFO 13932 --- [demo-svc] [main] o.s.cloud.context.scope.GenericScope     : BeanFactory id=ee94d0af-3e06-3d60-a14c-7c6a2853aced
2026-01-28T12:04:08.713+09:00  INFO 13932 --- [demo-svc] [main] o.s.b.w.embedded.tomcat.TomcatWebServer  : Tomcat initialized with port 8081 (http)
2026-01-28T12:04:08.725+09:00  INFO 13932 --- [demo-svc] [main] o.apache.catalina.core.StandardService   : Starting service [Tomcat]
2026-01-28T12:04:08.725+09:00  INFO 13932 --- [demo-svc] [main] o.apache.catalina.core.StandardEngine    : Starting Servlet engine: [Apache Tomcat/10.1.50]
2026-01-28T12:04:08.763+09:00  INFO 13932 --- [demo-svc] [main] o.a.c.c.C.[Tomcat].[localhost].[/]       : Initializing Spring embedded WebApplicationContext
2026-01-28T12:04:08.764+09:00  INFO 13932 --- [demo-svc] [main] w.s.c.ServletWebServerApplicationContext : Root WebApplicationContext: initialization completed in 1210 ms
2026-01-28T12:04:09.472+09:00  WARN 13932 --- [demo-svc] [main] ConfigServletWebServerApplicationContext : Exception encountered during context initialization - cancelling refresh attempt: org.springframework.beans.factory.BeanCreationException: Error creating bean with name 'compositeCompatibilityVerifier' defined in class path resource [org/springframework/cloud/configuration/CompatibilityVerifierAutoConfiguration.class]: Failed to instantiate [org.springframework.cloud.configuration.CompositeCompatibilityVerifier]: Factory method 'compositeCompatibilityVerifier' threw exception with message: Spring Cloud/ Spring Boot version compatibility checks have failed: [[VerificationResult@56d6a1b1 description = 'Spring Boot [3.5.9] is not compatible with this Spring Cloud release train', action = 'Change Spring Boot version to one of the following versions [3.2.x, 3.3.x] .
You can find the latest Spring Boot versions here [https://spring.io/projects/spring-boot#learn]. 
If you want to learn more about the Spring Cloud Release train compatibility, you can visit this page [https://spring.io/projects/spring-cloud#overview] and check the [Release Trains] section.
If you want to disable this check, just set the property [spring.cloud.compatibility-verifier.enabled=false]']]
2026-01-28T12:04:09.472+09:00  INFO 13932 --- [demo-svc] [main] o.apache.catalina.core.StandardService   : Stopping service [Tomcat]
2026-01-28T12:04:09.505+09:00  INFO 13932 --- [demo-svc] [main] .s.b.a.l.ConditionEvaluationReportLogger : 

Error starting ApplicationContext. To display the condition evaluation report re-run your application with 'debug' enabled.
2026-01-28T12:04:09.505+09:00 ERROR 13932 --- [demo-svc] [main] o.s.b.d.LoggingFailureAnalysisReporter   : 

***************************
APPLICATION FAILED TO START
***************************

Description:

Your project setup is incompatible with our requirements due to following reasons:

- Spring Boot [3.5.9] is not compatible with this Spring Cloud release train


Action:

Consider applying the following actions:

- Change Spring Boot version to one of the following versions [3.2.x, 3.3.x] .
You can find the latest Spring Boot versions here [https://spring.io/projects/spring-boot#learn]. 
If you want to learn more about the Spring Cloud Release train compatibility, you can visit this page [https://spring.io/projects/spring-cloud#overview] and check the [Release Trains] section.
If you want to disable this check, just set the property [spring.cloud.compatibility-verifier.enabled=false]


2026-01-28T12:08:14.371+09:00  INFO 17916 --- [demo-svc] [main] com.jsy.demo.DemoApplication             : Starting DemoApplication v0.0.1-SNAPSHOT using Java 17.0.7 with PID 17916 (D:\git\java\demo\target\demo-0.0.1-SNAPSHOT.jar started by Shaoyong.Jin in D:\git\java\demo)
2026-01-28T12:08:14.376+09:00  INFO 17916 --- [demo-svc] [main] com.jsy.demo.DemoApplication             : No active profile set, falling back to 1 default profile: "default"
2026-01-28T12:08:15.876+09:00  INFO 17916 --- [demo-svc] [main] o.s.cloud.context.scope.GenericScope     : BeanFactory id=e72cae37-9db1-3489-8c83-1e4a95ae1042
2026-01-28T12:08:16.921+09:00  INFO 17916 --- [demo-svc] [main] o.s.b.w.embedded.tomcat.TomcatWebServer  : Tomcat initialized with port 8081 (http)
2026-01-28T12:08:16.941+09:00  INFO 17916 --- [demo-svc] [main] o.apache.catalina.core.StandardService   : Starting service [Tomcat]
2026-01-28T12:08:16.943+09:00  INFO 17916 --- [demo-svc] [main] o.apache.catalina.core.StandardEngine    : Starting Servlet engine: [Apache Tomcat/10.1.31]
2026-01-28T12:08:17.009+09:00  INFO 17916 --- [demo-svc] [main] o.a.c.c.C.[Tomcat].[localhost].[/]       : Initializing Spring embedded WebApplicationContext
2026-01-28T12:08:17.011+09:00  INFO 17916 --- [demo-svc] [main] w.s.c.ServletWebServerApplicationContext : Root WebApplicationContext: initialization completed in 2564 ms
2026-01-28T12:08:18.389+09:00  INFO 17916 --- [demo-svc] [main] o.s.b.a.e.web.EndpointLinksResolver      : Exposing 1 endpoint beneath base path '/actuator'
2026-01-28T12:08:18.500+09:00  INFO 17916 --- [demo-svc] [main] o.s.b.w.embedded.tomcat.TomcatWebServer  : Tomcat started on port 8081 (http) with context path '/'
2026-01-28T12:08:18.568+09:00  INFO 17916 --- [demo-svc] [main] com.jsy.demo.DemoApplication             : Started DemoApplication in 5.014 seconds (process running for 5.44)
